<?xml version="1.0" encoding="UTF-8"?>
<!-- Generated by org.testng.reporters.JUnitXMLReporter -->
<testsuite ignored="0" hostname="DESKTOP-1PBA745" failures="0" tests="1" name="chrome" time="0.023" errors="0" timestamp="2021-12-06T21:01:21 IST">
  <testcase classname="POMwith_TestNG_DDF.TestClass" name="@BeforeClass LaunchBrowser" time="-1.638804681866E9">
    <failure type="org.testng.TestNGException" message="
Parameter &amp;apos;BrowserNames&amp;apos; is required by BeforeClass on method LaunchBrowser but has not been marked @Optional or defined
in C:\Users\User\eclipse-new\Selenium_Study\POMwith_TestNG_DDF_testng.xml">
      <![CDATA[org.testng.TestNGException: 
Parameter 'BrowserNames' is required by BeforeClass on method LaunchBrowser but has not been marked @Optional or defined
in C:\Users\User\eclipse-new\Selenium_Study\POMwith_TestNG_DDF_testng.xml
at java.base/java.util.ArrayList.forEach(ArrayList.java:1511)
... Removed 22 stack frames]]>
    </failure>
  </testcase> <!-- @BeforeClass LaunchBrowser -->
  <testcase classname="POMwith_TestNG_DDF.TestClass" name="@BeforeMethod LoggingIn" time="-1.638804681871E9">
    <skipped/>
  </testcase> <!-- @BeforeMethod LoggingIn -->
  <testcase classname="POMwith_TestNG_DDF.TestClass" name="@AfterMethod LoggingOut" time="-1.638804681878E9">
    <skipped/>
  </testcase> <!-- @AfterMethod LoggingOut -->
  <testcase classname="POMwith_TestNG_DDF.TestClass" name="@AfterClass ClosingBrowser" time="-1.638804681884E9">
    <skipped/>
  </testcase> <!-- @AfterClass ClosingBrowser -->
  <testcase classname="POMwith_TestNG_DDF.TestClass" name="ValidateUserid" time="0.0">
    <skipped/>
  </testcase> <!-- ValidateUserid -->
</testsuite> <!-- chrome -->
